This is pdfTeX, Version 3.14159265-2.6-1.40.20 (TeX Live 2019) (preloaded format=pdflatex 2020.6.7)  20 JUN 2020 13:21
entering extended mode
 restricted \write18 enabled.
 %&-line parsing enabled.
**relazione.tex
(./relazione.tex
LaTeX2e <2018-12-01>
(/usr/share/texlive/texmf-dist/tex/latex/base/report.cls
Document Class: report 2018/09/03 v1.4i Standard LaTeX document class
(/usr/share/texlive/texmf-dist/tex/latex/base/size10.clo
File: size10.clo 2018/09/03 v1.4i Standard LaTeX file (size option)
)
\c@part=\count80
\c@chapter=\count81
\c@section=\count82
\c@subsection=\count83
\c@subsubsection=\count84
\c@paragraph=\count85
\c@subparagraph=\count86
\c@figure=\count87
\c@table=\count88
\abovecaptionskip=\skip41
\belowcaptionskip=\skip42
\bibindent=\dimen102
)
(/usr/share/texlive/texmf-dist/tex/latex/tools/array.sty
Package: array 2018/12/30 v2.4k Tabular extension package (FMi)
\col@sep=\dimen103
\ar@mcellbox=\box27
\extrarowheight=\dimen104
\NC@list=\toks14
\extratabsurround=\skip43
\backup@length=\skip44
\ar@cellbox=\box28
)
(/usr/share/texlive/texmf-dist/tex/latex/graphics/graphicx.sty
Package: graphicx 2017/06/01 v1.1a Enhanced LaTeX Graphics (DPC,SPQR)

(/usr/share/texlive/texmf-dist/tex/latex/graphics/keyval.sty
Package: keyval 2014/10/28 v1.15 key=value parser (DPC)
\KV@toks@=\toks15
)
(/usr/share/texlive/texmf-dist/tex/latex/graphics/graphics.sty
Package: graphics 2017/06/25 v1.2c Standard LaTeX Graphics (DPC,SPQR)

(/usr/share/texlive/texmf-dist/tex/latex/graphics/trig.sty
Package: trig 2016/01/03 v1.10 sin cos tan (DPC)
)
(/usr/share/texlive/texmf-dist/tex/latex/graphics-cfg/graphics.cfg
File: graphics.cfg 2016/06/04 v1.11 sample graphics configuration
)
Package graphics Info: Driver file: pdftex.def on input line 99.

(/usr/share/texlive/texmf-dist/tex/latex/graphics-def/pdftex.def
File: pdftex.def 2018/01/08 v1.0l Graphics/color driver for pdftex
))
\Gin@req@height=\dimen105
\Gin@req@width=\dimen106
)
(/usr/share/texlive/texmf-dist/tex/latex/float/float.sty
Package: float 2001/11/08 v1.3d Float enhancements (AL)
\c@float@type=\count89
\float@exts=\toks16
\float@box=\box29
\@float@everytoks=\toks17
\@floatcapt=\box30
) (./relazione.aux)
\openout1 = `relazione.aux'.

LaTeX Font Info:    Checking defaults for OML/cmm/m/it on input line 17.
LaTeX Font Info:    ... okay on input line 17.
LaTeX Font Info:    Checking defaults for T1/cmr/m/n on input line 17.
LaTeX Font Info:    ... okay on input line 17.
LaTeX Font Info:    Checking defaults for OT1/cmr/m/n on input line 17.
LaTeX Font Info:    ... okay on input line 17.
LaTeX Font Info:    Checking defaults for OMS/cmsy/m/n on input line 17.
LaTeX Font Info:    ... okay on input line 17.
LaTeX Font Info:    Checking defaults for OMX/cmex/m/n on input line 17.
LaTeX Font Info:    ... okay on input line 17.
LaTeX Font Info:    Checking defaults for U/cmr/m/n on input line 17.
LaTeX Font Info:    ... okay on input line 17.

(/usr/share/texlive/texmf-dist/tex/context/base/mkii/supp-pdf.mkii
[Loading MPS to PDF converter (version 2006.09.02).]
\scratchcounter=\count90
\scratchdimen=\dimen107
\scratchbox=\box31
\nofMPsegments=\count91
\nofMParguments=\count92
\everyMPshowfont=\toks18
\MPscratchCnt=\count93
\MPscratchDim=\dimen108
\MPnumerator=\count94
\makeMPintoPDFobject=\count95
\everyMPtoPDFconversion=\toks19
) (/usr/share/texlive/texmf-dist/tex/latex/oberdiek/epstopdf-base.sty
Package: epstopdf-base 2016/05/15 v2.6 Base part for package epstopdf

(/usr/share/texlive/texmf-dist/tex/generic/oberdiek/infwarerr.sty
Package: infwarerr 2016/05/16 v1.4 Providing info/warning/error messages (HO)
)
(/usr/share/texlive/texmf-dist/tex/latex/oberdiek/grfext.sty
Package: grfext 2016/05/16 v1.2 Manage graphics extensions (HO)

(/usr/share/texlive/texmf-dist/tex/generic/oberdiek/kvdefinekeys.sty
Package: kvdefinekeys 2016/05/16 v1.4 Define keys (HO)

(/usr/share/texlive/texmf-dist/tex/generic/oberdiek/ltxcmds.sty
Package: ltxcmds 2016/05/16 v1.23 LaTeX kernel commands for general use (HO)
)))
(/usr/share/texlive/texmf-dist/tex/latex/oberdiek/kvoptions.sty
Package: kvoptions 2016/05/16 v3.12 Key value format for package options (HO)

(/usr/share/texlive/texmf-dist/tex/generic/oberdiek/kvsetkeys.sty
Package: kvsetkeys 2016/05/16 v1.17 Key value parser (HO)

(/usr/share/texlive/texmf-dist/tex/generic/oberdiek/etexcmds.sty
Package: etexcmds 2016/05/16 v1.6 Avoid name clashes with e-TeX commands (HO)

(/usr/share/texlive/texmf-dist/tex/generic/oberdiek/ifluatex.sty
Package: ifluatex 2016/05/16 v1.4 Provides the ifluatex switch (HO)
Package ifluatex Info: LuaTeX not detected.
))))
(/usr/share/texlive/texmf-dist/tex/generic/oberdiek/pdftexcmds.sty
Package: pdftexcmds 2018/09/10 v0.29 Utility functions of pdfTeX for LuaTeX (HO
)

(/usr/share/texlive/texmf-dist/tex/generic/oberdiek/ifpdf.sty
Package: ifpdf 2018/09/07 v3.3 Provides the ifpdf switch
)
Package pdftexcmds Info: LuaTeX not detected.
Package pdftexcmds Info: \pdf@primitive is available.
Package pdftexcmds Info: \pdf@ifprimitive is available.
Package pdftexcmds Info: \pdfdraftmode found.
)
Package epstopdf-base Info: Redefining graphics rule for `.eps' on input line 4
38.
Package grfext Info: Graphics extension search list:
(grfext)             [.pdf,.png,.jpg,.mps,.jpeg,.jbig2,.jb2,.PDF,.PNG,.JPG,.JPE
G,.JBIG2,.JB2,.eps]
(grfext)             \AppendGraphicsExtensions on input line 456.

(/usr/share/texlive/texmf-dist/tex/latex/latexconfig/epstopdf-sys.cfg
File: epstopdf-sys.cfg 2010/07/13 v1.3 Configuration of (r)epstopdf for TeX Liv
e
))
LaTeX Font Info:    External font `cmex10' loaded for size
(Font)              <12> on input line 18.
LaTeX Font Info:    External font `cmex10' loaded for size
(Font)              <8> on input line 18.
LaTeX Font Info:    External font `cmex10' loaded for size
(Font)              <6> on input line 18.

[1

{/usr/share/texlive/texmf-dist/fonts/map/pdftex/updmap/pdftex.map}]
(./relazione.toc
LaTeX Font Info:    External font `cmex10' loaded for size
(Font)              <7> on input line 2.
LaTeX Font Info:    External font `cmex10' loaded for size
(Font)              <5> on input line 2.
)
\tf@toc=\write3
\openout3 = `relazione.toc'.

 [1

]
Chapter 1.
LaTeX Font Info:    Try loading font information for OMS+cmr on input line 26.
(/usr/share/texlive/texmf-dist/tex/latex/base/omscmr.fd
File: omscmr.fd 2014/09/29 v2.5h Standard LaTeX font definitions
)
LaTeX Font Info:    Font shape `OMS/cmr/m/n' in size <10> not available
(Font)              Font shape `OMS/cmsy/m/n' tried instead on input line 26.
LaTeX Font Info:    Try loading font information for OMS+cmtt on input line 49.


(/usr/share/texmf/tex/latex/R/omscmtt.fd
File: omscmtt.fd 
)
LaTeX Font Info:    Font shape `OMS/cmtt/m/n' in size <10> not available
(Font)              Font shape `OMS/cmsy/m/n' tried instead on input line 49.
 [2

] [3]
Overfull \hbox (10.41531pt too wide) in paragraph at lines 202--211
[]  
 []

[4] [5]
Overfull \hbox (6.44496pt too wide) in paragraph at lines 325--327
[]\OT1/cmr/m/n/10 La di-men-sione di un ar-ray deve es-sere una r-espressione v
a-l-utabile a compile-
 []


Overfull \hbox (6.306pt too wide) in paragraph at lines 339--341
[]\OT1/cmr/m/n/10 Non ^^Re pos-si-bile uti-liz-zare l'operatore di ref-eren-zi-
azione \OT1/cmtt/m/n/10 & \OT1/cmr/m/n/10 su una l-espressione
 []

[6]
Overfull \hbox (1.74837pt too wide) in paragraph at lines 349--356
[][]\OT1/cmr/m/n/10 E pre-sente il costrutto di it-er-azione de-ter-mi-nata \OT
1/cmtt/m/n/10 for i in \OMS/cmsy/m/n/10 f\OT1/cmtt/m/n/10 s .. e\OMS/cmsy/m/n/1
0 g \OT1/cmtt/m/n/10 stm
 []


Overfull \hbox (2.241pt too wide) in paragraph at lines 360--364
\OT1/cmr/m/n/10 it-er-azione (de-ter-mi-nata e non). \OT1/cmtt/m/n/10 return \O
T1/cmr/m/n/10 pu^^Ro es-sere uti-liz-zato solo all'interno
 []

<../img/types.png, id=36, 2181.14874pt x 853.1875pt>
File: ../img/types.png Graphic file (type png)
<use ../img/types.png>
Package pdftex.def Info: ../img/types.png  used on input line 375.
(pdftex.def)             Requested size: 345.0pt x 134.95056pt.
[7 <../img/types.png>]
Overfull \hbox (7.50055pt too wide) in paragraph at lines 392--393
[]\OT1/cmr/m/n/10 Negli as-seg-na-menti ven-gono va-l-u-tate le l-espressioni p
rima delle r-espressioni 
 []


Overfull \hbox (1.52843pt too wide) in paragraph at lines 427--430
[]\OT1/cmr/m/n/10 La se-man-tica di con-fronto tra ar-ray o pun-ta-tori com-pat
-i-bili tra loro prevede
 []

[8]
Chapter 2.
<../img/typesystem2.jpg, id=43, 1821.80624pt x 2011.515pt>
File: ../img/typesystem2.jpg Graphic file (type jpg)
<use ../img/typesystem2.jpg>
Package pdftex.def Info: ../img/typesystem2.jpg  used on input line 437.
(pdftex.def)             Requested size: 413.99895pt x 457.11394pt.

Overfull \hbox (68.99895pt too wide) in paragraph at lines 437--438
 [][] 
 []

<../img/typesystem1.jpg, id=44, 1749.53625pt x 2074.75125pt>
File: ../img/typesystem1.jpg Graphic file (type jpg)
<use ../img/typesystem1.jpg>
Package pdftex.def Info: ../img/typesystem1.jpg  used on input line 442.
(pdftex.def)             Requested size: 413.99895pt x 490.95404pt.

Overfull \hbox (68.99895pt too wide) in paragraph at lines 442--443
 [][] 
 []

[9

] [10 <../img/typesystem2.jpg>] [11 <../img/typesystem1.jpg>]
Chapter 3.
[12

]
Overfull \hbox (18.51413pt too wide) in paragraph at lines 494--496
[]\OT1/cmr/m/n/10 In questo mod-ulo ven-gono def-i-nite al-cune as-trazioni sul
l'overloading
 []

[13] [14]
Overfull \hbox (17.80602pt too wide) in paragraph at lines 557--559
[]\OT1/cmr/m/n/10 mostrano er-rori riguardo lo scop-ing nella definizione di fu
n-zioni e nell'utilizzo
 []

[15] (./relazione.aux) ) 
Here is how much of TeX's memory you used:
 1634 strings out of 494553
 23288 string characters out of 6177319
 89996 words of memory out of 5000000
 5290 multiletter control sequences out of 15000+600000
 8968 words of font info for 32 fonts, out of 8000000 for 9000
 14 hyphenation exceptions out of 8191
 41i,12n,25p,276b,258s stack positions out of 5000i,500n,10000p,200000b,80000s
</usr/share/texlive/texmf-dist/fonts/type1/public/amsfo
nts/cm/cmbx10.pfb></usr/share/texlive/texmf-dist/fonts/type1/public/amsfonts/cm
/cmbx12.pfb></usr/share/texlive/texmf-dist/fonts/type1/public/amsfonts/cm/cmmi1
0.pfb></usr/share/texlive/texmf-dist/fonts/type1/public/amsfonts/cm/cmr10.pfb><
/usr/share/texlive/texmf-dist/fonts/type1/public/amsfonts/cm/cmr12.pfb></usr/sh
are/texlive/texmf-dist/fonts/type1/public/amsfonts/cm/cmr17.pfb></usr/share/tex
live/texmf-dist/fonts/type1/public/amsfonts/cm/cmr6.pfb></usr/share/texlive/tex
mf-dist/fonts/type1/public/amsfonts/cm/cmr7.pfb></usr/share/texlive/texmf-dist/
fonts/type1/public/amsfonts/cm/cmr8.pfb></usr/share/texlive/texmf-dist/fonts/ty
pe1/public/amsfonts/cm/cmsy10.pfb></usr/share/texlive/texmf-dist/fonts/type1/pu
blic/amsfonts/cm/cmtt10.pfb>
Output written on relazione.pdf (16 pages, 2040799 bytes).
PDF statistics:
 103 PDF objects out of 1000 (max. 8388607)
 70 compressed objects within 1 object stream
 0 named destinations out of 1000 (max. 500000)
 16 words of extra memory for PDF output out of 10000 (max. 10000000)

